# JRE version: OpenJDK Runtime Environment (17.0.10) (build 17.0.10+0--11609105)
# Java VM: OpenJDK 64-Bit Server VM (17.0.10+0--11609105, mixed mode, tiered, compressed oops, compressed class ptrs, g1 gc, windows-amd64)
GC Precious Log:
 CPUs: 8 total, 8 available
 Memory: 16198M
 Large Page Support: Disabled
 NUMA Support: Disabled
 Compressed Oops: Enabled (32-bit)
 Heap Region Size: 1M
 Heap Min Capacity: 8M
 Heap Initial Capacity: 254M
 Heap Max Capacity: 2G
 Pre-touch: Disabled
 Parallel Workers: 8
 Concurrent Workers: 2
 Concurrent Refinement Workers: 8
 Periodic GC: Disabled
Heap:
 garbage-first heap   total 348160K, used 218415K [0x0000000080000000, 0x0000000100000000)
  region size 1024K, 63 young (64512K), 9 survivors (9216K)
 Metaspace       used 118165K, committed 118912K, reserved 1179648K
  class space    used 15877K, committed 16256K, reserved 1048576K
GC Heap History (20 events):
Event: 19.260 GC heap before
{Heap before GC invocations=38 (full 0):
 garbage-first heap   total 247808K, used 195541K [0x0000000080000000, 0x0000000100000000)
  region size 1024K, 108 young (110592K), 4 survivors (4096K)
 Metaspace       used 98582K, committed 99264K, reserved 1179648K
  class space    used 13632K, committed 13952K, reserved 1048576K
}
Event: 19.271 GC heap after
{Heap after GC invocations=39 (full 0):
 garbage-first heap   total 247808K, used 95481K [0x0000000080000000, 0x0000000100000000)
  region size 1024K, 9 young (9216K), 9 survivors (9216K)
 Metaspace       used 98582K, committed 99264K, reserved 1179648K
  class space    used 13632K, committed 13952K, reserved 1048576K
}
Event: 20.897 GC heap before
{Heap before GC invocations=39 (full 0):
 garbage-first heap   total 247808K, used 204025K [0x0000000080000000, 0x0000000100000000)
  region size 1024K, 111 young (113664K), 9 survivors (9216K)
 Metaspace       used 104939K, committed 105664K, reserved 1179648K
  class space    used 14482K, committed 14784K, reserved 1048576K
}
Event: 20.923 GC heap after
{Heap after GC invocations=40 (full 0):
 garbage-first heap   total 247808K, used 106429K [0x0000000080000000, 0x0000000100000000)
  region size 1024K, 14 young (14336K), 14 survivors (14336K)
 Metaspace       used 104939K, committed 105664K, reserved 1179648K
  class space    used 14482K, committed 14784K, reserved 1048576K
}
Event: 23.261 GC heap before
{Heap before GC invocations=40 (full 0):
 garbage-first heap   total 247808K, used 197565K [0x0000000080000000, 0x0000000100000000)
  region size 1024K, 104 young (106496K), 14 survivors (14336K)
 Metaspace       used 107821K, committed 108672K, reserved 1179648K
  class space    used 14797K, committed 15168K, reserved 1048576K
}
Event: 23.281 GC heap after
{Heap after GC invocations=41 (full 0):
 garbage-first heap   total 247808K, used 114061K [0x0000000080000000, 0x0000000100000000)
  region size 1024K, 10 young (10240K), 10 survivors (10240K)
 Metaspace       used 107821K, committed 108672K, reserved 1179648K
  class space    used 14797K, committed 15168K, reserved 1048576K
}
Event: 25.145 GC heap before
{Heap before GC invocations=41 (full 0):
 garbage-first heap   total 247808K, used 214413K [0x0000000080000000, 0x0000000100000000)
  region size 1024K, 92 young (94208K), 10 survivors (10240K)
 Metaspace       used 108539K, committed 109376K, reserved 1179648K
  class space    used 14845K, committed 15232K, reserved 1048576K
}
Event: 25.173 GC heap after
{Heap after GC invocations=42 (full 0):
 garbage-first heap   total 250880K, used 140776K [0x0000000080000000, 0x0000000100000000)
  region size 1024K, 12 young (12288K), 12 survivors (12288K)
 Metaspace       used 108539K, committed 109376K, reserved 1179648K
  class space    used 14845K, committed 15232K, reserved 1048576K
}
Event: 25.872 GC heap before
{Heap before GC invocations=42 (full 0):
 garbage-first heap   total 250880K, used 215528K [0x0000000080000000, 0x0000000100000000)
  region size 1024K, 69 young (70656K), 12 survivors (12288K)
 Metaspace       used 109694K, committed 110528K, reserved 1179648K
  class space    used 14963K, committed 15360K, reserved 1048576K
}
Event: 25.888 GC heap after
{Heap after GC invocations=43 (full 0):
 garbage-first heap   total 250880K, used 149385K [0x0000000080000000, 0x0000000100000000)
  region size 1024K, 7 young (7168K), 7 survivors (7168K)
 Metaspace       used 109694K, committed 110528K, reserved 1179648K
  class space    used 14963K, committed 15360K, reserved 1048576K
}
Event: 26.584 GC heap before
{Heap before GC invocations=43 (full 0):
 garbage-first heap   total 250880K, used 203657K [0x0000000080000000, 0x0000000100000000)
  region size 1024K, 59 young (60416K), 7 survivors (7168K)
 Metaspace       used 112204K, committed 113024K, reserved 1179648K
  class space    used 15187K, committed 15616K, reserved 1048576K
}
Event: 26.599 GC heap after
{Heap after GC invocations=44 (full 0):
 garbage-first heap   total 250880K, used 156507K [0x0000000080000000, 0x0000000100000000)
  region size 1024K, 8 young (8192K), 8 survivors (8192K)
 Metaspace       used 112204K, committed 113024K, reserved 1179648K
  class space    used 15187K, committed 15616K, reserved 1048576K
}
Event: 26.894 GC heap before
{Heap before GC invocations=44 (full 0):
 garbage-first heap   total 250880K, used 204635K [0x0000000080000000, 0x0000000100000000)
  region size 1024K, 56 young (57344K), 8 survivors (8192K)
 Metaspace       used 112824K, committed 113664K, reserved 1179648K
  class space    used 15233K, committed 15680K, reserved 1048576K
}
Event: 26.905 GC heap after
{Heap after GC invocations=45 (full 0):
 garbage-first heap   total 250880K, used 162646K [0x0000000080000000, 0x0000000100000000)
  region size 1024K, 7 young (7168K), 7 survivors (7168K)
 Metaspace       used 112824K, committed 113664K, reserved 1179648K
  class space    used 15233K, committed 15680K, reserved 1048576K
}
Event: 27.255 GC heap before
{Heap before GC invocations=45 (full 0):
 garbage-first heap   total 250880K, used 205654K [0x0000000080000000, 0x0000000100000000)
  region size 1024K, 50 young (51200K), 7 survivors (7168K)
 Metaspace       used 114057K, committed 114880K, reserved 1179648K
  class space    used 15365K, committed 15808K, reserved 1048576K
}
Event: 27.260 GC heap after
{Heap after GC invocations=46 (full 0):
 garbage-first heap   total 348160K, used 158176K [0x0000000080000000, 0x0000000100000000)
  region size 1024K, 2 young (2048K), 2 survivors (2048K)
 Metaspace       used 114057K, committed 114880K, reserved 1179648K
  class space    used 15365K, committed 15808K, reserved 1048576K
}
Event: 29.651 GC heap before
{Heap before GC invocations=46 (full 0):
 garbage-first heap   total 348160K, used 276960K [0x0000000080000000, 0x0000000100000000)
  region size 1024K, 119 young (121856K), 2 survivors (2048K)
 Metaspace       used 116200K, committed 117056K, reserved 1179648K
  class space    used 15619K, committed 16000K, reserved 1048576K
}
Event: 29.660 GC heap after
{Heap after GC invocations=47 (full 0):
 garbage-first heap   total 348160K, used 164001K [0x0000000080000000, 0x0000000100000000)
  region size 1024K, 7 young (7168K), 7 survivors (7168K)
 Metaspace       used 116200K, committed 117056K, reserved 1179648K
  class space    used 15619K, committed 16000K, reserved 1048576K
}
Event: 30.931 GC heap before
{Heap before GC invocations=47 (full 0):
 garbage-first heap   total 348160K, used 280737K [0x0000000080000000, 0x0000000100000000)
  region size 1024K, 122 young (124928K), 7 survivors (7168K)
 Metaspace       used 116665K, committed 117440K, reserved 1179648K
  class space    used 15672K, committed 16064K, reserved 1048576K
}
Event: 30.940 GC heap after
{Heap after GC invocations=48 (full 0):
 garbage-first heap   total 348160K, used 165167K [0x0000000080000000, 0x0000000100000000)
  region size 1024K, 9 young (9216K), 9 survivors (9216K)
 Metaspace       used 116665K, committed 117440K, reserved 1179648K
  class space    used 15672K, committed 16064K, reserved 1048576K
}

